9.000000000000000222e-01
9.100000000000000311e-01
9.190000000000000391e-01
8.271000000000000574e-01
8.443900000000000849e-01
8.599510000000000209e-01
8.739559000000000077e-01
8.865603100000000181e-01
9.979042790000001162e-01
1.198113851100000016e+00
1.178302465990000103e+00
1.260472219391000070e+00
1.634424997451900063e+00
1.570982497706710168e+00
1.413884247936039174e+00
1.472495823142435212e+00
1.425246240828191846e+00
1.482721616745372728e+00
1.334449455070835455e+00
1.401004509563751999e+00
1.760904058607376754e+00
1.684813652746639301e+00
1.816332287471975393e+00
1.734699058724777920e+00
1.561229152852300128e+00
1.405106237567070204e+00
1.664595613810363250e+00
1.698136052429326970e+00
1.728322447186394273e+00
1.655490202467754912e+00
1.589941182220979465e+00
1.530947063998881585e+00
1.477852357598993471e+00
1.530067121839094213e+00
1.777060409655184969e+00
1.799354368689666472e+00
2.019418931820700092e+00
1.817477038638630082e+00
1.635729334774767008e+00
1.572156401297290396e+00
1.414940761167561289e+00
1.373446685050805360e+00
1.236102016545724824e+00
1.312491814891152409e+00
1.381242633402037123e+00
1.243118370061833344e+00
1.418806533055650076e+00
1.576925879750085135e+00
1.719233291775076777e+00
1.747309962597568989e+00
1.972578966337811934e+00
2.075321069704030741e+00
1.967788962733627800e+00
1.871010066460265131e+00
1.783909059814238640e+00
1.605518153832814710e+00
1.544966338449533350e+00
1.590469704604579926e+00
1.631422734144121867e+00
1.668280460729709702e+00
1.601452414656738821e+00
1.441307173191064939e+00
1.397176455871958600e+00
1.557458810284762851e+00
1.601712929256286611e+00
1.741541636330657949e+00
1.767387472697592221e+00
1.890648725427833021e+00
1.701583852885049764e+00
1.531425467596544854e+00
1.478282920836890391e+00
1.430454628753201396e+00
1.387409165877881323e+00
1.348668249290093213e+00
1.313801424361084047e+00
1.182421281924975753e+00
1.164179153732478378e+00
1.147761238359230607e+00
1.332985114523307590e+00
1.399686603070976920e+00
1.459717942763879117e+00
1.413746148487491361e+00
1.472371533638742180e+00
1.425134380274868162e+00
1.382620942247381413e+00
1.244358848022643294e+00
1.219922963220379186e+00
1.297930666898341245e+00
1.268137600208507187e+00
1.541323840187656558e+00
1.387191456168890946e+00
1.248472310552001918e+00
1.223625079496801771e+00
1.401262571547121638e+00
1.561136314392409519e+00
1.505022682953168767e+00
1.354520414657852001e+00
1.319068373192066934e+00
1.187161535872860219e+00
1.168445382285574263e+00
1.051600844057016815e+00
1.046440759651315222e+00
1.041796683686183833e+00
9.376170153175654720e-01
8.438553137858089137e-01
1.059469782407228111e+00
1.153522804166505322e+00
1.138170523749854945e+00
1.024353471374869429e+00
9.219181242373825080e-01
9.297263118136442905e-01
8.367536806322798393e-01
9.530783125690518442e-01
8.577704813121467264e-01
8.719934331809320316e-01
9.847940898628388950e-01
8.863146808765550722e-01
9.976832127888994872e-01
1.197914891510009738e+00
1.078123402359008720e+00
1.070311062123108004e+00
1.063279955910797270e+00
9.569519603197175206e-01
1.061256764287745735e+00
1.055131087858971251e+00
1.049617979073074192e+00
1.044656181165766862e+00
1.040190563049190331e+00
1.036171506744271387e+00
1.232554356069844204e+00
1.109298920462859828e+00
1.298369028416573867e+00
1.168532125574916591e+00
1.051678913017424888e+00
9.465110217156824657e-01
9.518599195441141969e-01
1.056673927589702799e+00
1.051006534830732475e+00
1.045905881347659383e+00
1.141315293212893378e+00
1.127183763891604240e+00
1.014465387502443861e+00
1.013018848752199608e+00
1.311716963876979669e+00
1.280545267489281880e+00
1.152490740740353736e+00
1.037241666666318451e+00
1.133517499999686651e+00
1.020165749999718097e+00
9.181491749997463536e-01
1.026334257499771807e+00
1.023700831749794649e+00
1.121330748574815184e+00
1.109197673717333688e+00
1.098277906345600297e+00
9.884501157110402447e-01
1.089605104139936165e+00
1.080644593725942570e+00
1.172580134353348402e+00
1.255322120918013651e+00
1.429789908826212264e+00
1.386810917943591237e+00
1.548129826149232224e+00
1.493316843534309157e+00
1.543985159180878197e+00
1.489586643262790444e+00
1.440627978936511511e+00
1.296565181042860448e+00
1.266908662938574626e+00
1.140217796644717119e+00
1.126196016980245629e+00
1.113576415282221177e+00
1.102218773753999237e+00
1.091996896378599313e+00
1.082797206740739426e+00
1.074517486066665528e+00
1.067065737459998997e+00
1.060359163713999076e+00
9.543232473425992124e-01
9.588909226083393023e-01
1.063001830347505505e+00
9.567016473127549769e-01
9.610314825814795237e-01
8.649283343233316046e-01
8.784355008909984219e-01
7.905919508018985908e-01
9.115327557217087762e-01
1.020379480149537832e+00
1.018341532134584115e+00
9.165073789211257704e-01
1.024856641029013193e+00
1.022370976926112007e+00
1.020133879233500851e+00
9.181204913101508325e-01
9.263084421791357714e-01
8.336775979612222054e-01
8.503098381650999738e-01
8.652788543485899764e-01
7.787509689137309676e-01
8.008758720223578820e-01
7.207882848201221382e-01
7.487094563381099244e-01
7.738385107042988764e-01
6.964546596338689888e-01
8.268091936704822231e-01
8.441282743034339564e-01
7.597154468730905608e-01
8.837439021857815824e-01
7.953695119672034020e-01
9.158325607704831395e-01
1.324249304693434937e+00
1.191824374224091487e+00
1.072641936801682405e+00
1.165377743121514209e+00
1.148839968809362899e+00
1.033955971928426587e+00
1.130560374735583906e+00
1.217504337262025560e+00
1.095753903535823026e+00
1.086178513182240790e+00
9.775606618640166889e-01
1.179804595677615087e+00
1.061824136109853711e+00
9.556417224988683623e-01
9.600775502489815594e-01
8.640697952240834478e-01
1.077662815701675214e+00
9.698965341315076705e-01
1.272906880718356781e+00
1.145616192646521148e+00
1.131054573381869099e+00
1.017949116043682212e+00
1.116154204439314013e+00
1.104538783995382634e+00
1.094084905595844370e+00
1.084676415036260000e+00
1.176208773532634089e+00
1.158587896179370746e+00
1.142729106561433783e+00
1.128456195905290560e+00
1.215610576314761548e+00
1.394049518683285527e+00
1.354644566814957152e+00
1.319180110133461481e+00
1.287262099120115355e+00
1.358535889208103864e+00
1.222682300287293522e+00
1.200414070258564392e+00
1.180372663232708064e+00
1.262335396909437302e+00
1.136101857218493549e+00
1.122491671496644416e+00
1.010242504346980041e+00
1.009218253912282037e+00
1.008296428521053834e+00
1.007466785668948539e+00
1.206720107102053685e+00
1.186048096391848494e+00
1.167443286752663845e+00
1.150698958077397638e+00
1.135629062269658096e+00
1.322066156042692286e+00
1.589859540438423036e+00
1.530873586394580821e+00
1.377786227755122717e+00
1.340007604979610578e+00
1.406006844481649587e+00
1.565406160033484761e+00
1.608865544030136263e+00
1.447978989627122681e+00
1.303181090664410346e+00
1.272862981597969512e+00
1.145576683438172649e+00
1.331019015094355495e+00
1.197917113584920035e+00
1.378125402226428209e+00
1.240312862003785321e+00
1.216281575803406900e+00
1.094653418223066277e+00
9.851880764007596714e-01
8.866692687606837486e-01
1.198002341884615518e+00
1.078202107696154100e+00
1.170381896926538712e+00
1.053343707233884929e+00
1.048009336510496547e+00
9.432084028594469594e-01
9.488875625735022634e-01
1.153998806316152148e+00
1.038598925684536933e+00
1.034739033116083284e+00
1.131265129804474912e+00
1.118138616824027487e+00
1.006324755141624783e+00
9.056922796274623488e-01
1.015123051664716058e+00
1.013610746498244453e+00
1.012249671848419963e+00
1.111024704663577944e+00
1.099922234197220128e+00
1.289930010777498026e+00
1.260937009699748312e+00
1.234843308729773659e+00
1.111358977856796271e+00
1.200223080071116666e+00
1.280200772064004955e+00
1.152180694857604548e+00
1.236962625371843982e+00
1.113266362834659517e+00
1.101939726551193655e+00
1.191745753896074289e+00
1.272571178506466838e+00
1.245314060655820176e+00
1.120782654590238181e+00
1.008704389131214407e+00
1.107833950218092944e+00
1.397050555196283739e+00
1.457345499676655276e+00
1.411610949708989926e+00
1.370449854738091000e+00
1.233404869264281833e+00
1.210064382337853850e+00
1.089057944104068421e+00
9.801521496936616007e-01
9.821369347242954184e-01
9.839232412518659210e-01
8.855309171266793067e-01
1.096977825414011454e+00
1.087280042872610375e+00
1.478552038585349226e+00
2.030696834726814615e+00
1.827627151254133109e+00
1.844864436128719865e+00
1.760377992515848034e+00
1.884340193264263386e+00
1.895906173937837114e+00
1.906315556544053491e+00
1.915684000889648075e+00
1.924115600800683223e+00
1.731704040720615012e+00
1.658533636648553689e+00
1.692680272983698275e+00
1.623412245685328603e+00
1.461071021116795876e+00
1.414963919005116422e+00
1.373467527104604846e+00
1.436120774394144428e+00
1.392508696954730008e+00
1.253257827259256940e+00
1.627932044533331180e+00
1.565138840079998150e+00
1.508624956071998424e+00
1.457762460464798737e+00
1.311986214418318974e+00
1.280787592976487144e+00
1.252708833678838563e+00
1.127437950310954839e+00
1.214694155279859356e+00
1.093224739751873509e+00
1.183902265776686225e+00
1.165512039199017691e+00
1.048960835279115988e+00
9.440647517512044118e-01
9.496582765760839262e-01
1.054692448918475467e+00
1.049223204026628053e+00
9.443008836239652481e-01
9.498707952615687011e-01
9.548837157354118643e-01
8.593953441618706890e-01
7.734558097456836201e-01
8.961102287711153469e-01
8.064992058940038122e-01
8.258492853046034421e-01
8.432643567741431312e-01
7.589379210967288625e-01
6.830441289870560206e-01
9.147397160883504741e-01
8.232657444795153934e-01
9.409391700315639095e-01
8.468452530284075186e-01
7.621607277255667556e-01
8.859446549530101134e-01
9.973501894577090354e-01
8.976151705119381763e-01
1.007853653460744292e+00
9.070682881146698850e-01
9.163614593032028965e-01
1.124725313372882507e+00
1.312252782035594256e+00
